<?xml version="1.0"?>
<!DOCTYPE coverage SYSTEM "http://cobertura.sourceforge.net/xml/coverage-04.dtd">
<coverage line-rate="0.3793103448275862" branch-rate="0.3750000000000000" lines-covered="11" lines-valid="29" branches-covered="3" branches-valid="8" complexity="0.0" timestamp="1634662067" version="Slather 2.7.1">
  <sources>
    <source>/Users/kanagu-photon/Documents/PipeLine</source>
  </sources>
  <packages>
    <package name="iOSHelloWorld" line-rate="0.3793103448275862" branch-rate="0.3750000000000000" complexity="0.0">
      <classes>
        <class name="AppDelegate" filename="iOSHelloWorld/AppDelegate.swift" line-rate="0.3333333333333333" branch-rate="0.3333333333333333" complexity="0.0">
          <methods/>
          <lines>
            <line number="15" branch="true" hits="2" condition-coverage="100% (1/1)">
              <conditions>
                <condition number="0" type="jump" coverage="100%"/>
              </conditions>
            </line>
            <line number="16" branch="false" hits="2"/>
            <line number="17" branch="false" hits="2"/>
            <line number="18" branch="false" hits="2"/>
            <line number="20" branch="true" hits="0" condition-coverage="0% (0/1)">
              <conditions>
                <condition number="0" type="jump" coverage="0%"/>
              </conditions>
            </line>
            <line number="21" branch="false" hits="0"/>
            <line number="22" branch="false" hits="0"/>
            <line number="23" branch="false" hits="0"/>
            <line number="25" branch="true" hits="0" condition-coverage="0% (0/1)">
              <conditions>
                <condition number="0" type="jump" coverage="0%"/>
              </conditions>
            </line>
            <line number="26" branch="false" hits="0"/>
            <line number="27" branch="false" hits="0"/>
            <line number="28" branch="false" hits="0"/>
            <line number="30" branch="true" hits="0" condition-coverage="0% (0/1)">
              <conditions>
                <condition number="0" type="jump" coverage="0%"/>
              </conditions>
            </line>
            <line number="31" branch="false" hits="0"/>
            <line number="32" branch="false" hits="0"/>
            <line number="34" branch="true" hits="2" condition-coverage="100% (1/1)">
              <conditions>
                <condition number="0" type="jump" coverage="100%"/>
              </conditions>
            </line>
            <line number="35" branch="false" hits="2"/>
            <line number="36" branch="false" hits="2"/>
            <line number="38" branch="true" hits="0" condition-coverage="0% (0/1)">
              <conditions>
                <condition number="0" type="jump" coverage="0%"/>
              </conditions>
            </line>
            <line number="39" branch="false" hits="0"/>
            <line number="40" branch="false" hits="0"/>
          </lines>
        </class>
        <class name="ViewController" filename="iOSHelloWorld/ViewController.swift" line-rate="0.5000000000000000" branch-rate="0.5000000000000000" complexity="0.0">
          <methods/>
          <lines>
            <line number="12" branch="true" hits="2" condition-coverage="100% (1/1)">
              <conditions>
                <condition number="0" type="jump" coverage="100%"/>
              </conditions>
            </line>
            <line number="13" branch="false" hits="2"/>
            <line number="14" branch="false" hits="2"/>
            <line number="15" branch="false" hits="2"/>
            <line number="17" branch="true" hits="0" condition-coverage="0% (0/1)">
              <conditions>
                <condition number="0" type="jump" coverage="0%"/>
              </conditions>
            </line>
            <line number="18" branch="false" hits="0"/>
            <line number="19" branch="false" hits="0"/>
            <line number="20" branch="false" hits="0"/>
          </lines>
        </class>
      </classes>
    </package>
  </packages>
</coverage>
